This is pdfTeX, Version 3.14159265-2.6-1.40.16 (TeX Live 2015/Debian) (preloaded format=pdflatex 2018.6.1)  12 JUN 2018 15:00
entering extended mode
 restricted \write18 enabled.
 %&-line parsing enabled.
**phd_thesis_TJKim.tex
(./phd_thesis_TJKim.tex
LaTeX2e <2016/02/01>
Babel <3.9q> and hyphenation patterns for 81 language(s) loaded.
(./snuthesis-kor.cls
Document Class: snuthesis-kor 2010/12/01 v1 thesis class for SNU CSE
(/usr/share/texlive/texmf-dist/tex/latex/base/book.cls
Document Class: book 2014/09/29 v1.4h Standard LaTeX document class
(/usr/share/texlive/texmf-dist/tex/latex/base/bk11.clo
File: bk11.clo 2014/09/29 v1.4h Standard LaTeX file (size option)
)
\c@part=\count79
\c@chapter=\count80
\c@section=\count81
\c@subsection=\count82
\c@subsubsection=\count83
\c@paragraph=\count84
\c@subparagraph=\count85
\c@figure=\count86
\c@table=\count87
\abovecaptionskip=\skip41
\belowcaptionskip=\skip42
\bibindent=\dimen102
)
(/usr/share/texlive/texmf-dist/tex/latex/geometry/geometry.sty
Package: geometry 2010/09/12 v5.6 Page Geometry

(/usr/share/texlive/texmf-dist/tex/latex/graphics/keyval.sty
Package: keyval 2014/10/28 v1.15 key=value parser (DPC)
\KV@toks@=\toks14
)
(/usr/share/texlive/texmf-dist/tex/generic/oberdiek/ifpdf.sty
Package: ifpdf 2011/01/30 v2.3 Provides the ifpdf switch (HO)
Package ifpdf Info: pdfTeX in PDF mode is detected.
)
(/usr/share/texlive/texmf-dist/tex/generic/oberdiek/ifvtex.sty
Package: ifvtex 2010/03/01 v1.5 Detect VTeX and its facilities (HO)
Package ifvtex Info: VTeX not detected.
)
(/usr/share/texlive/texmf-dist/tex/generic/ifxetex/ifxetex.sty
Package: ifxetex 2010/09/12 v0.6 Provides ifxetex conditional
)
\Gm@cnth=\count88
\Gm@cntv=\count89
\c@Gm@tempcnt=\count90
\Gm@bindingoffset=\dimen103
\Gm@wd@mp=\dimen104
\Gm@odd@mp=\dimen105
\Gm@even@mp=\dimen106
\Gm@layoutwidth=\dimen107
\Gm@layoutheight=\dimen108
\Gm@layouthoffset=\dimen109
\Gm@layoutvoffset=\dimen110
\Gm@dimlist=\toks15
)
(/usr/share/texlive/texmf-dist/tex/latex/setspace/setspace.sty
Package: setspace 2011/12/19 v6.7a set line spacing
)
(/usr/share/texlive/texmf-dist/tex/latex/psnfss/times.sty
Package: times 2005/04/12 PSNFSS-v9.2a (SPQR) 
)
(/usr/share/texlive/texmf-dist/tex/latex/cjk-ko/kotex.sty
Package: kotex 2015/04/19 v1.6 Korean TeX (ko.TeX)

(/usr/share/texlive/texmf-dist/tex/latex/kotex-utf/kotex.cfg)
(/usr/share/texlive/texmf-dist/tex/latex/kotex-utf/kotexutf.sty
Package: kotexutf 2015/07/18 v2.1.1 typesetting UTF-8 Korean documents

(/usr/share/texlive/texmf-dist/tex/latex/base/inputenc.sty
Package: inputenc 2015/03/17 v1.2c Input encoding file
\inpenc@prehook=\toks16
\inpenc@posthook=\toks17

(/usr/share/texlive/texmf-dist/tex/latex/base/utf8.def
File: utf8.def 2015/12/03 v1.1r UTF-8 support for inputenc
Now handling font encoding OML ...
... no UTF-8 mapping file for font encoding OML
Now handling font encoding T1 ...
... processing UTF-8 mapping file for font encoding T1

(/usr/share/texlive/texmf-dist/tex/latex/base/t1enc.dfu
File: t1enc.dfu 2015/12/03 v1.1r UTF-8 support for inputenc
   defining Unicode char U+00A0 (decimal 160)
   defining Unicode char U+00A1 (decimal 161)
   defining Unicode char U+00A3 (decimal 163)
   defining Unicode char U+00AB (decimal 171)
   defining Unicode char U+00AD (decimal 173)
   defining Unicode char U+00BB (decimal 187)
   defining Unicode char U+00BF (decimal 191)
   defining Unicode char U+00C0 (decimal 192)
   defining Unicode char U+00C1 (decimal 193)
   defining Unicode char U+00C2 (decimal 194)
   defining Unicode char U+00C3 (decimal 195)
   defining Unicode char U+00C4 (decimal 196)
   defining Unicode char U+00C5 (decimal 197)
   defining Unicode char U+00C6 (decimal 198)
   defining Unicode char U+00C7 (decimal 199)
   defining Unicode char U+00C8 (decimal 200)
   defining Unicode char U+00C9 (decimal 201)
   defining Unicode char U+00CA (decimal 202)
   defining Unicode char U+00CB (decimal 203)
   defining Unicode char U+00CC (decimal 204)
   defining Unicode char U+00CD (decimal 205)
   defining Unicode char U+00CE (decimal 206)
   defining Unicode char U+00CF (decimal 207)
   defining Unicode char U+00D0 (decimal 208)
   defining Unicode char U+00D1 (decimal 209)
   defining Unicode char U+00D2 (decimal 210)
   defining Unicode char U+00D3 (decimal 211)
   defining Unicode char U+00D4 (decimal 212)
   defining Unicode char U+00D5 (decimal 213)
   defining Unicode char U+00D6 (decimal 214)
   defining Unicode char U+00D8 (decimal 216)
   defining Unicode char U+00D9 (decimal 217)
   defining Unicode char U+00DA (decimal 218)
   defining Unicode char U+00DB (decimal 219)
   defining Unicode char U+00DC (decimal 220)
   defining Unicode char U+00DD (decimal 221)
   defining Unicode char U+00DE (decimal 222)
   defining Unicode char U+00DF (decimal 223)
   defining Unicode char U+00E0 (decimal 224)
   defining Unicode char U+00E1 (decimal 225)
   defining Unicode char U+00E2 (decimal 226)
   defining Unicode char U+00E3 (decimal 227)
   defining Unicode char U+00E4 (decimal 228)
   defining Unicode char U+00E5 (decimal 229)
   defining Unicode char U+00E6 (decimal 230)
   defining Unicode char U+00E7 (decimal 231)
   defining Unicode char U+00E8 (decimal 232)
   defining Unicode char U+00E9 (decimal 233)
   defining Unicode char U+00EA (decimal 234)
   defining Unicode char U+00EB (decimal 235)
   defining Unicode char U+00EC (decimal 236)
   defining Unicode char U+00ED (decimal 237)
   defining Unicode char U+00EE (decimal 238)
   defining Unicode char U+00EF (decimal 239)
   defining Unicode char U+00F0 (decimal 240)
   defining Unicode char U+00F1 (decimal 241)
   defining Unicode char U+00F2 (decimal 242)
   defining Unicode char U+00F3 (decimal 243)
   defining Unicode char U+00F4 (decimal 244)
   defining Unicode char U+00F5 (decimal 245)
   defining Unicode char U+00F6 (decimal 246)
   defining Unicode char U+00F8 (decimal 248)
   defining Unicode char U+00F9 (decimal 249)
   defining Unicode char U+00FA (decimal 250)
   defining Unicode char U+00FB (decimal 251)
   defining Unicode char U+00FC (decimal 252)
   defining Unicode char U+00FD (decimal 253)
   defining Unicode char U+00FE (decimal 254)
   defining Unicode char U+00FF (decimal 255)
   defining Unicode char U+0100 (decimal 256)
   defining Unicode char U+0101 (decimal 257)
   defining Unicode char U+0102 (decimal 258)
   defining Unicode char U+0103 (decimal 259)
   defining Unicode char U+0104 (decimal 260)
   defining Unicode char U+0105 (decimal 261)
   defining Unicode char U+0106 (decimal 262)
   defining Unicode char U+0107 (decimal 263)
   defining Unicode char U+0108 (decimal 264)
   defining Unicode char U+0109 (decimal 265)
   defining Unicode char U+010A (decimal 266)
   defining Unicode char U+010B (decimal 267)
   defining Unicode char U+010C (decimal 268)
   defining Unicode char U+010D (decimal 269)
   defining Unicode char U+010E (decimal 270)
   defining Unicode char U+010F (decimal 271)
   defining Unicode char U+0110 (decimal 272)
   defining Unicode char U+0111 (decimal 273)
   defining Unicode char U+0112 (decimal 274)
   defining Unicode char U+0113 (decimal 275)
   defining Unicode char U+0114 (decimal 276)
   defining Unicode char U+0115 (decimal 277)
   defining Unicode char U+0116 (decimal 278)
   defining Unicode char U+0117 (decimal 279)
   defining Unicode char U+0118 (decimal 280)
   defining Unicode char U+0119 (decimal 281)
   defining Unicode char U+011A (decimal 282)
   defining Unicode char U+011B (decimal 283)
   defining Unicode char U+011C (decimal 284)
   defining Unicode char U+011D (decimal 285)
   defining Unicode char U+011E (decimal 286)
   defining Unicode char U+011F (decimal 287)
   defining Unicode char U+0120 (decimal 288)
   defining Unicode char U+0121 (decimal 289)
   defining Unicode char U+0122 (decimal 290)
   defining Unicode char U+0123 (decimal 291)
   defining Unicode char U+0124 (decimal 292)
   defining Unicode char U+0125 (decimal 293)
   defining Unicode char U+0128 (decimal 296)
   defining Unicode char U+0129 (decimal 297)
   defining Unicode char U+012A (decimal 298)
   defining Unicode char U+012B (decimal 299)
   defining Unicode char U+012C (decimal 300)
   defining Unicode char U+012D (decimal 301)
   defining Unicode char U+012E (decimal 302)
   defining Unicode char U+012F (decimal 303)
   defining Unicode char U+0130 (decimal 304)
   defining Unicode char U+0131 (decimal 305)
   defining Unicode char U+0132 (decimal 306)
   defining Unicode char U+0133 (decimal 307)
   defining Unicode char U+0134 (decimal 308)
   defining Unicode char U+0135 (decimal 309)
   defining Unicode char U+0136 (decimal 310)
   defining Unicode char U+0137 (decimal 311)
   defining Unicode char U+0139 (decimal 313)
   defining Unicode char U+013A (decimal 314)
   defining Unicode char U+013B (decimal 315)
   defining Unicode char U+013C (decimal 316)
   defining Unicode char U+013D (decimal 317)
   defining Unicode char U+013E (decimal 318)
   defining Unicode char U+0141 (decimal 321)
   defining Unicode char U+0142 (decimal 322)
   defining Unicode char U+0143 (decimal 323)
   defining Unicode char U+0144 (decimal 324)
   defining Unicode char U+0145 (decimal 325)
   defining Unicode char U+0146 (decimal 326)
   defining Unicode char U+0147 (decimal 327)
   defining Unicode char U+0148 (decimal 328)
   defining Unicode char U+014A (decimal 330)
   defining Unicode char U+014B (decimal 331)
   defining Unicode char U+014C (decimal 332)
   defining Unicode char U+014D (decimal 333)
   defining Unicode char U+014E (decimal 334)
   defining Unicode char U+014F (decimal 335)
   defining Unicode char U+0150 (decimal 336)
   defining Unicode char U+0151 (decimal 337)
   defining Unicode char U+0152 (decimal 338)
   defining Unicode char U+0153 (decimal 339)
   defining Unicode char U+0154 (decimal 340)
   defining Unicode char U+0155 (decimal 341)
   defining Unicode char U+0156 (decimal 342)
   defining Unicode char U+0157 (decimal 343)
   defining Unicode char U+0158 (decimal 344)
   defining Unicode char U+0159 (decimal 345)
   defining Unicode char U+015A (decimal 346)
   defining Unicode char U+015B (decimal 347)
   defining Unicode char U+015C (decimal 348)
   defining Unicode char U+015D (decimal 349)
   defining Unicode char U+015E (decimal 350)
   defining Unicode char U+015F (decimal 351)
   defining Unicode char U+0160 (decimal 352)
   defining Unicode char U+0161 (decimal 353)
   defining Unicode char U+0162 (decimal 354)
   defining Unicode char U+0163 (decimal 355)
   defining Unicode char U+0164 (decimal 356)
   defining Unicode char U+0165 (decimal 357)
   defining Unicode char U+0168 (decimal 360)
   defining Unicode char U+0169 (decimal 361)
   defining Unicode char U+016A (decimal 362)
   defining Unicode char U+016B (decimal 363)
   defining Unicode char U+016C (decimal 364)
   defining Unicode char U+016D (decimal 365)
   defining Unicode char U+016E (decimal 366)
   defining Unicode char U+016F (decimal 367)
   defining Unicode char U+0170 (decimal 368)
   defining Unicode char U+0171 (decimal 369)
   defining Unicode char U+0172 (decimal 370)
   defining Unicode char U+0173 (decimal 371)
   defining Unicode char U+0174 (decimal 372)
   defining Unicode char U+0175 (decimal 373)
   defining Unicode char U+0176 (decimal 374)
   defining Unicode char U+0177 (decimal 375)
   defining Unicode char U+0178 (decimal 376)
   defining Unicode char U+0179 (decimal 377)
   defining Unicode char U+017A (decimal 378)
   defining Unicode char U+017B (decimal 379)
   defining Unicode char U+017C (decimal 380)
   defining Unicode char U+017D (decimal 381)
   defining Unicode char U+017E (decimal 382)
   defining Unicode char U+01CD (decimal 461)
   defining Unicode char U+01CE (decimal 462)
   defining Unicode char U+01CF (decimal 463)
   defining Unicode char U+01D0 (decimal 464)
   defining Unicode char U+01D1 (decimal 465)
   defining Unicode char U+01D2 (decimal 466)
   defining Unicode char U+01D3 (decimal 467)
   defining Unicode char U+01D4 (decimal 468)
   defining Unicode char U+01E2 (decimal 482)
   defining Unicode char U+01E3 (decimal 483)
   defining Unicode char U+01E6 (decimal 486)
   defining Unicode char U+01E7 (decimal 487)
   defining Unicode char U+01E8 (decimal 488)
   defining Unicode char U+01E9 (decimal 489)
   defining Unicode char U+01EA (decimal 490)
   defining Unicode char U+01EB (decimal 491)
   defining Unicode char U+01F0 (decimal 496)
   defining Unicode char U+01F4 (decimal 500)
   defining Unicode char U+01F5 (decimal 501)
   defining Unicode char U+0218 (decimal 536)
   defining Unicode char U+0219 (decimal 537)
   defining Unicode char U+021A (decimal 538)
   defining Unicode char U+021B (decimal 539)
   defining Unicode char U+01E02 (decimal 7682)
   defining Unicode char U+01E03 (decimal 7683)
   defining Unicode char U+200C (decimal 8204)
   defining Unicode char U+2013 (decimal 8211)
   defining Unicode char U+2014 (decimal 8212)
   defining Unicode char U+2018 (decimal 8216)
   defining Unicode char U+2019 (decimal 8217)
   defining Unicode char U+201A (decimal 8218)
   defining Unicode char U+201C (decimal 8220)
   defining Unicode char U+201D (decimal 8221)
   defining Unicode char U+201E (decimal 8222)
   defining Unicode char U+2030 (decimal 8240)
   defining Unicode char U+2031 (decimal 8241)
   defining Unicode char U+2039 (decimal 8249)
   defining Unicode char U+203A (decimal 8250)
   defining Unicode char U+2423 (decimal 9251)
)
Now handling font encoding OT1 ...
... processing UTF-8 mapping file for font encoding OT1

(/usr/share/texlive/texmf-dist/tex/latex/base/ot1enc.dfu
File: ot1enc.dfu 2015/12/03 v1.1r UTF-8 support for inputenc
   defining Unicode char U+00A0 (decimal 160)
   defining Unicode char U+00A1 (decimal 161)
   defining Unicode char U+00A3 (decimal 163)
   defining Unicode char U+00AD (decimal 173)
   defining Unicode char U+00B8 (decimal 184)
   defining Unicode char U+00BF (decimal 191)
   defining Unicode char U+00C5 (decimal 197)
   defining Unicode char U+00C6 (decimal 198)
   defining Unicode char U+00D8 (decimal 216)
   defining Unicode char U+00DF (decimal 223)
   defining Unicode char U+00E6 (decimal 230)
   defining Unicode char U+00EC (decimal 236)
   defining Unicode char U+00ED (decimal 237)
   defining Unicode char U+00EE (decimal 238)
   defining Unicode char U+00EF (decimal 239)
   defining Unicode char U+00F8 (decimal 248)
   defining Unicode char U+0131 (decimal 305)
   defining Unicode char U+0141 (decimal 321)
   defining Unicode char U+0142 (decimal 322)
   defining Unicode char U+0152 (decimal 338)
   defining Unicode char U+0153 (decimal 339)
   defining Unicode char U+0174 (decimal 372)
   defining Unicode char U+0175 (decimal 373)
   defining Unicode char U+0176 (decimal 374)
   defining Unicode char U+0177 (decimal 375)
   defining Unicode char U+0218 (decimal 536)
   defining Unicode char U+0219 (decimal 537)
   defining Unicode char U+021A (decimal 538)
   defining Unicode char U+021B (decimal 539)
   defining Unicode char U+2013 (decimal 8211)
   defining Unicode char U+2014 (decimal 8212)
   defining Unicode char U+2018 (decimal 8216)
   defining Unicode char U+2019 (decimal 8217)
   defining Unicode char U+201C (decimal 8220)
   defining Unicode char U+201D (decimal 8221)
)
Now handling font encoding OMS ...
... processing UTF-8 mapping file for font encoding OMS

(/usr/share/texlive/texmf-dist/tex/latex/base/omsenc.dfu
File: omsenc.dfu 2015/12/03 v1.1r UTF-8 support for inputenc
   defining Unicode char U+00A7 (decimal 167)
   defining Unicode char U+00B6 (decimal 182)
   defining Unicode char U+00B7 (decimal 183)
   defining Unicode char U+2020 (decimal 8224)
   defining Unicode char U+2021 (decimal 8225)
   defining Unicode char U+2022 (decimal 8226)
)
Now handling font encoding OMX ...
... no UTF-8 mapping file for font encoding OMX
Now handling font encoding U ...
... no UTF-8 mapping file for font encoding U
   defining Unicode char U+00A9 (decimal 169)
   defining Unicode char U+00AA (decimal 170)
   defining Unicode char U+00AE (decimal 174)
   defining Unicode char U+00BA (decimal 186)
   defining Unicode char U+02C6 (decimal 710)
   defining Unicode char U+02DC (decimal 732)
   defining Unicode char U+200C (decimal 8204)
   defining Unicode char U+2026 (decimal 8230)
   defining Unicode char U+2122 (decimal 8482)
   defining Unicode char U+2423 (decimal 9251)
))
(/usr/share/texlive/texmf-dist/tex/plain/kotex-plain/kotexutf-core.tex
\unih@ngulpoint=\count91
\dhucs@emph@raise=\dimen111
)
Now handling font encoding LUC ...
... processing UTF-8 mapping file for font encoding LUC

(/usr/share/texlive/texmf-dist/tex/latex/kotex-utf/lucenc.dfu
File: lucenc.dfu 2007/09/05 UTF-8 support for dhucs
   defining Unicode char U+00B7 (decimal 183)
   defining Unicode char U+2018 (decimal 8216)
   defining Unicode char U+2019 (decimal 8217)
   defining Unicode char U+201C (decimal 8220)
   defining Unicode char U+201D (decimal 8221)
   defining Unicode char U+3001 (decimal 12289)
   defining Unicode char U+3002 (decimal 12290)
   defining Unicode char U+3008 (decimal 12296)
   defining Unicode char U+3009 (decimal 12297)
   defining Unicode char U+300A (decimal 12298)
   defining Unicode char U+300B (decimal 12299)
   defining Unicode char U+300C (decimal 12300)
   defining Unicode char U+300D (decimal 12301)
   defining Unicode char U+300E (decimal 12302)
   defining Unicode char U+300F (decimal 12303)
   defining Unicode char U+3010 (decimal 12304)
   defining Unicode char U+3011 (decimal 12305)
   defining Unicode char U+3014 (decimal 12308)
   defining Unicode char U+3015 (decimal 12309)
   defining Unicode char U+3016 (decimal 12310)
   defining Unicode char U+3017 (decimal 12311)
   defining Unicode char U+3018 (decimal 12312)
   defining Unicode char U+3019 (decimal 12313)
   defining Unicode char U+301A (decimal 12314)
   defining Unicode char U+301B (decimal 12315)
   defining Unicode char U+FF01 (decimal 65281)
   defining Unicode char U+FF08 (decimal 65288)
   defining Unicode char U+FF09 (decimal 65289)
   defining Unicode char U+FF0C (decimal 65292)
   defining Unicode char U+FF0E (decimal 65294)
   defining Unicode char U+FF1A (decimal 65306)
   defining Unicode char U+FF1B (decimal 65307)
   defining Unicode char U+FF1C (decimal 65308)
   defining Unicode char U+FF1D (decimal 65309)
   defining Unicode char U+FF1E (decimal 65310)
   defining Unicode char U+FF1F (decimal 65311)
   defining Unicode char U+FF3B (decimal 65339)
   defining Unicode char U+FF3D (decimal 65341)
   defining Unicode char U+FF5B (decimal 65371)
   defining Unicode char U+FF5D (decimal 65373)
   defining Unicode char U+FF61 (decimal 65377)
   defining Unicode char U+FF62 (decimal 65378)
   defining Unicode char U+FF63 (decimal 65379)
   defining Unicode char U+FF64 (decimal 65380)
   defining Unicode char U+FF65 (decimal 65381)
)
\@josa=\count92
\josatoks=\toks18

(/usr/share/texlive/texmf-dist/tex/latex/cjk-ko/kolabels-utf.sty
Package: kolabels-utf 2015/03/20 v1.5 UTF-8 Hangul item labels
)))
(/usr/share/texlive/texmf-dist/tex/generic/pdftex/glyphtounicode.tex)
(/usr/share/texlive/texmf-dist/tex/latex/kotex-utf/contrib/dhucs-sectsty.sty
Package: dhucs-sectsty 2006/04/20

(/usr/share/texlive/texmf-dist/tex/latex/sectsty/sectsty.sty
Package: sectsty 2002/02/25 v2.0.2 Commands to change all sectional heading sty
les
)
\KSTHE@skip=\skip43
)
(/usr/share/texlive/texmf-dist/tex/latex/chngcntr/chngcntr.sty
Package: chngcntr 2009/09/02 v1.0a change counter resetting
)
(/usr/share/texlive/texmf-dist/tex/latex/tocloft/tocloft.sty
Package: tocloft 2013/05/02 v2.3f parameterised ToC, etc., typesetting
Package tocloft Info: The document has chapter divisions on input line 44.
\cftparskip=\skip44
\cftbeforetoctitleskip=\skip45
\cftaftertoctitleskip=\skip46
\cftbeforepartskip=\skip47
\cftpartnumwidth=\skip48
\cftpartindent=\skip49
\cftbeforechapskip=\skip50
\cftchapindent=\skip51
\cftchapnumwidth=\skip52
\cftbeforesecskip=\skip53
\cftsecindent=\skip54
\cftsecnumwidth=\skip55
\cftbeforesubsecskip=\skip56
\cftsubsecindent=\skip57
\cftsubsecnumwidth=\skip58
\cftbeforesubsubsecskip=\skip59
\cftsubsubsecindent=\skip60
\cftsubsubsecnumwidth=\skip61
\cftbeforeparaskip=\skip62
\cftparaindent=\skip63
\cftparanumwidth=\skip64
\cftbeforesubparaskip=\skip65
\cftsubparaindent=\skip66
\cftsubparanumwidth=\skip67
\cftbeforeloftitleskip=\skip68
\cftafterloftitleskip=\skip69
\cftbeforefigskip=\skip70
\cftfigindent=\skip71
\cftfignumwidth=\skip72
\cftbeforelottitleskip=\skip73
\cftafterlottitleskip=\skip74
\cftbeforetabskip=\skip75
\cfttabindent=\skip76
\cfttabnumwidth=\skip77
\cftbeforesubfigskip=\skip78
\cftsubfigindent=\skip79
\cftsubfignumwidth=\skip80
\cftbeforesubtabskip=\skip81
\cftsubtabindent=\skip82
\cftsubtabnumwidth=\skip83
)
(/usr/share/texlive/texmf-dist/tex/latex/base/makeidx.sty
Package: makeidx 2014/09/29 v1.0m Standard LaTeX package
)
(/usr/share/texlive/texmf-dist/tex/latex/tools/multicol.sty
Package: multicol 2015/08/19 v1.8n multicolumn formatting (FMi)
\c@tracingmulticols=\count93
\mult@box=\box26
\multicol@leftmargin=\dimen112
\c@unbalance=\count94
\c@collectmore=\count95
\doublecol@number=\count96
\multicoltolerance=\count97
\multicolpretolerance=\count98
\full@width=\dimen113
\page@free=\dimen114
\premulticols=\dimen115
\postmulticols=\dimen116
\multicolsep=\skip84
\multicolbaselineskip=\skip85
\partial@page=\box27
\last@line=\box28
\maxbalancingoverflow=\dimen117
\mult@rightbox=\box29
\mult@grightbox=\box30
\mult@gfirstbox=\box31
\mult@firstbox=\box32
\@tempa=\box33
\@tempa=\box34
\@tempa=\box35
\@tempa=\box36
\@tempa=\box37
\@tempa=\box38
\@tempa=\box39
\@tempa=\box40
\@tempa=\box41
\@tempa=\box42
\@tempa=\box43
\@tempa=\box44
\@tempa=\box45
\@tempa=\box46
\@tempa=\box47
\@tempa=\box48
\@tempa=\box49
\c@columnbadness=\count99
\c@finalcolumnbadness=\count100
\last@try=\dimen118
\multicolovershoot=\dimen119
\multicolundershoot=\dimen120
\mult@nat@firstbox=\box50
\colbreak@box=\box51
\mc@col@check@num=\count101
))
(/usr/share/texlive/texmf-dist/tex/latex/graphics/graphicx.sty
Package: graphicx 2014/10/28 v1.0g Enhanced LaTeX Graphics (DPC,SPQR)

(/usr/share/texlive/texmf-dist/tex/latex/graphics/graphics.sty
Package: graphics 2016/01/03 v1.0q Standard LaTeX Graphics (DPC,SPQR)

(/usr/share/texlive/texmf-dist/tex/latex/graphics/trig.sty
Package: trig 2016/01/03 v1.10 sin cos tan (DPC)
)
(/usr/share/texlive/texmf-dist/tex/latex/latexconfig/graphics.cfg
File: graphics.cfg 2010/04/23 v1.9 graphics configuration of TeX Live
)
Package graphics Info: Driver file: pdftex.def on input line 95.

(/usr/share/texlive/texmf-dist/tex/latex/pdftex-def/pdftex.def
File: pdftex.def 2011/05/27 v0.06d Graphics/color for pdfTeX

(/usr/share/texlive/texmf-dist/tex/generic/oberdiek/infwarerr.sty
Package: infwarerr 2010/04/08 v1.3 Providing info/warning/error messages (HO)
)
(/usr/share/texlive/texmf-dist/tex/generic/oberdiek/ltxcmds.sty
Package: ltxcmds 2011/11/09 v1.22 LaTeX kernel commands for general use (HO)
)
\Gread@gobject=\count102
))
\Gin@req@height=\dimen121
\Gin@req@width=\dimen122
)
(/usr/share/texlive/texmf-dist/tex/latex/float/float.sty
Package: float 2001/11/08 v1.3d Float enhancements (AL)
\c@float@type=\count103
\float@exts=\toks19
\float@box=\box52
\@float@everytoks=\toks20
\@floatcapt=\box53
)
(/usr/share/texlive/texmf-dist/tex/latex/subfigure/subfigure.sty
Package: subfigure 2002/03/15 v2.1.5 subfigure package
\subfigtopskip=\skip86
\subfigcapskip=\skip87
\subfigcaptopadj=\dimen123
\subfigbottomskip=\skip88
\subfigcapmargin=\dimen124
\subfiglabelskip=\skip89
\c@subfigure=\count104
\c@lofdepth=\count105
\c@subtable=\count106
\c@lotdepth=\count107

****************************************
* Local config file subfigure.cfg used *
****************************************
(/usr/share/texlive/texmf-dist/tex/latex/subfigure/subfigure.cfg)
\subfig@top=\skip90
\subfig@bottom=\skip91
)
(/usr/share/texlive/texmf-dist/tex/latex/graphics/lscape.sty
Package: lscape 2000/10/22 v3.01 Landscape Pages (DPC)
)
(/usr/share/texlive/texmf-dist/tex/latex/url/url.sty
\Urlmuskip=\muskip10
Package: url 2013/09/16  ver 3.4  Verb mode for urls, etc.
)
(/usr/share/texlive/texmf-dist/tex/latex/was/gensymb.sty
Package: gensymb 2003/07/02 v1.0 (WaS)
)
(/usr/share/texlive/texmf-dist/tex/latex/amsmath/amsmath.sty
Package: amsmath 2016/03/03 v2.15a AMS math features
\@mathmargin=\skip92

For additional information on amsmath, use the `?' option.
(/usr/share/texlive/texmf-dist/tex/latex/amsmath/amstext.sty
Package: amstext 2000/06/29 v2.01 AMS text

(/usr/share/texlive/texmf-dist/tex/latex/amsmath/amsgen.sty
File: amsgen.sty 1999/11/30 v2.0 generic functions
\@emptytoks=\toks21
\ex@=\dimen125
))
(/usr/share/texlive/texmf-dist/tex/latex/amsmath/amsbsy.sty
Package: amsbsy 1999/11/29 v1.2d Bold Symbols
\pmbraise@=\dimen126
)
(/usr/share/texlive/texmf-dist/tex/latex/amsmath/amsopn.sty
Package: amsopn 1999/12/14 v2.01 operator names
)
\inf@bad=\count108
LaTeX Info: Redefining \frac on input line 199.
\uproot@=\count109
\leftroot@=\count110
LaTeX Info: Redefining \overline on input line 297.
\classnum@=\count111
\DOTSCASE@=\count112
LaTeX Info: Redefining \ldots on input line 394.
LaTeX Info: Redefining \dots on input line 397.
LaTeX Info: Redefining \cdots on input line 518.
\Mathstrutbox@=\box54
\strutbox@=\box55
\big@size=\dimen127
LaTeX Font Info:    Redeclaring font encoding OML on input line 630.
LaTeX Font Info:    Redeclaring font encoding OMS on input line 631.
\macc@depth=\count113
\c@MaxMatrixCols=\count114
\dotsspace@=\muskip11
\c@parentequation=\count115
\dspbrk@lvl=\count116
\tag@help=\toks22
\row@=\count117
\column@=\count118
\maxfields@=\count119
\andhelp@=\toks23
\eqnshift@=\dimen128
\alignsep@=\dimen129
\tagshift@=\dimen130
\tagwidth@=\dimen131
\totwidth@=\dimen132
\lineht@=\dimen133
\@envbody=\toks24
\multlinegap=\skip93
\multlinetaggap=\skip94
\mathdisplay@stack=\toks25
LaTeX Info: Redefining \[ on input line 2735.
LaTeX Info: Redefining \] on input line 2736.
)
(/usr/share/texlive/texmf-dist/tex/latex/amsfonts/amsfonts.sty
Package: amsfonts 2013/01/14 v3.01 Basic AMSFonts support
\symAMSa=\mathgroup4
\symAMSb=\mathgroup5
LaTeX Font Info:    Overwriting math alphabet `\mathfrak' in version `bold'
(Font)                  U/euf/m/n --> U/euf/b/n on input line 106.
)
(/usr/share/texlive/texmf-dist/tex/latex/amsfonts/amssymb.sty
Package: amssymb 2013/01/14 v3.01 AMS font symbols
)
(/usr/share/texlive/texmf-dist/tex/latex/amscls/amsthm.sty
Package: amsthm 2015/03/04 v2.20.2
\thm@style=\toks26
\thm@bodyfont=\toks27
\thm@headfont=\toks28
\thm@notefont=\toks29
\thm@headpunct=\toks30
\thm@preskip=\skip95
\thm@postskip=\skip96
\thm@headsep=\skip97
\dth@everypar=\toks31
)
(/usr/share/texlive/texmf-dist/tex/latex/base/exscale.sty
Package: exscale 2014/09/29 v2.1h Standard LaTeX package exscale
LaTeX Font Info:    Redeclaring symbol font `largesymbols' on input line 57.
LaTeX Font Info:    Overwriting symbol font `largesymbols' in version `normal'
(Font)                  OMX/cmex/m/n --> OMX/cmex/m/n on input line 57.
LaTeX Font Info:    Overwriting symbol font `largesymbols' in version `bold'
(Font)                  OMX/cmex/m/n --> OMX/cmex/m/n on input line 57.
\big@size=\dimen134
)
(/usr/share/texlive/texmf-dist/tex/latex/base/textcomp.sty
Package: textcomp 2005/09/27 v1.99g Standard LaTeX package
Package textcomp Info: Sub-encoding information:
(textcomp)               5 = only ISO-Adobe without \textcurrency
(textcomp)               4 = 5 + \texteuro
(textcomp)               3 = 4 + \textohm
(textcomp)               2 = 3 + \textestimated + \textcurrency
(textcomp)               1 = TS1 - \textcircled - \t
(textcomp)               0 = TS1 (full)
(textcomp)             Font families with sub-encoding setting implement
(textcomp)             only a restricted character set as indicated.
(textcomp)             Family '?' is the default used for unknown fonts.
(textcomp)             See the documentation for details.
Package textcomp Info: Setting ? sub-encoding to TS1/1 on input line 79.

(/usr/share/texlive/texmf-dist/tex/latex/base/ts1enc.def
File: ts1enc.def 2001/06/05 v3.0e (jk/car/fm) Standard LaTeX file
Now handling font encoding TS1 ...
... processing UTF-8 mapping file for font encoding TS1

(/usr/share/texlive/texmf-dist/tex/latex/base/ts1enc.dfu
File: ts1enc.dfu 2015/12/03 v1.1r UTF-8 support for inputenc
   defining Unicode char U+00A2 (decimal 162)
   defining Unicode char U+00A3 (decimal 163)
   defining Unicode char U+00A4 (decimal 164)
   defining Unicode char U+00A5 (decimal 165)
   defining Unicode char U+00A6 (decimal 166)
   defining Unicode char U+00A7 (decimal 167)
   defining Unicode char U+00A8 (decimal 168)
   defining Unicode char U+00A9 (decimal 169)
   defining Unicode char U+00AA (decimal 170)
   defining Unicode char U+00AC (decimal 172)
   defining Unicode char U+00AE (decimal 174)
   defining Unicode char U+00AF (decimal 175)
   defining Unicode char U+00B0 (decimal 176)
   defining Unicode char U+00B1 (decimal 177)
   defining Unicode char U+00B2 (decimal 178)
   defining Unicode char U+00B3 (decimal 179)
   defining Unicode char U+00B4 (decimal 180)
   defining Unicode char U+00B5 (decimal 181)
   defining Unicode char U+00B6 (decimal 182)
   defining Unicode char U+00B7 (decimal 183)
   defining Unicode char U+00B9 (decimal 185)
   defining Unicode char U+00BA (decimal 186)
   defining Unicode char U+00BC (decimal 188)
   defining Unicode char U+00BD (decimal 189)
   defining Unicode char U+00BE (decimal 190)
   defining Unicode char U+00D7 (decimal 215)
   defining Unicode char U+00F7 (decimal 247)
   defining Unicode char U+0192 (decimal 402)
   defining Unicode char U+02C7 (decimal 711)
   defining Unicode char U+02D8 (decimal 728)
   defining Unicode char U+02DD (decimal 733)
   defining Unicode char U+0E3F (decimal 3647)
   defining Unicode char U+2016 (decimal 8214)
   defining Unicode char U+2020 (decimal 8224)
   defining Unicode char U+2021 (decimal 8225)
   defining Unicode char U+2022 (decimal 8226)
   defining Unicode char U+2030 (decimal 8240)
   defining Unicode char U+2031 (decimal 8241)
   defining Unicode char U+203B (decimal 8251)
   defining Unicode char U+203D (decimal 8253)
   defining Unicode char U+2044 (decimal 8260)
   defining Unicode char U+204E (decimal 8270)
   defining Unicode char U+2052 (decimal 8274)
   defining Unicode char U+20A1 (decimal 8353)
   defining Unicode char U+20A4 (decimal 8356)
   defining Unicode char U+20A6 (decimal 8358)
   defining Unicode char U+20A9 (decimal 8361)
   defining Unicode char U+20AB (decimal 8363)
   defining Unicode char U+20AC (decimal 8364)
   defining Unicode char U+20B1 (decimal 8369)
   defining Unicode char U+2103 (decimal 8451)
   defining Unicode char U+2116 (decimal 8470)
   defining Unicode char U+2117 (decimal 8471)
   defining Unicode char U+211E (decimal 8478)
   defining Unicode char U+2120 (decimal 8480)
   defining Unicode char U+2122 (decimal 8482)
   defining Unicode char U+2126 (decimal 8486)
   defining Unicode char U+2127 (decimal 8487)
   defining Unicode char U+212E (decimal 8494)
   defining Unicode char U+2190 (decimal 8592)
   defining Unicode char U+2191 (decimal 8593)
   defining Unicode char U+2192 (decimal 8594)
   defining Unicode char U+2193 (decimal 8595)
   defining Unicode char U+2329 (decimal 9001)
   defining Unicode char U+232A (decimal 9002)
   defining Unicode char U+2422 (decimal 9250)
   defining Unicode char U+25E6 (decimal 9702)
   defining Unicode char U+25EF (decimal 9711)
   defining Unicode char U+266A (decimal 9834)
))
LaTeX Info: Redefining \oldstylenums on input line 334.
Package textcomp Info: Setting cmr sub-encoding to TS1/0 on input line 349.
Package textcomp Info: Setting cmss sub-encoding to TS1/0 on input line 350.
Package textcomp Info: Setting cmtt sub-encoding to TS1/0 on input line 351.
Package textcomp Info: Setting cmvtt sub-encoding to TS1/0 on input line 352.
Package textcomp Info: Setting cmbr sub-encoding to TS1/0 on input line 353.
Package textcomp Info: Setting cmtl sub-encoding to TS1/0 on input line 354.
Package textcomp Info: Setting ccr sub-encoding to TS1/0 on input line 355.
Package textcomp Info: Setting ptm sub-encoding to TS1/4 on input line 356.
Package textcomp Info: Setting pcr sub-encoding to TS1/4 on input line 357.
Package textcomp Info: Setting phv sub-encoding to TS1/4 on input line 358.
Package textcomp Info: Setting ppl sub-encoding to TS1/3 on input line 359.
Package textcomp Info: Setting pag sub-encoding to TS1/4 on input line 360.
Package textcomp Info: Setting pbk sub-encoding to TS1/4 on input line 361.
Package textcomp Info: Setting pnc sub-encoding to TS1/4 on input line 362.
Package textcomp Info: Setting pzc sub-encoding to TS1/4 on input line 363.
Package textcomp Info: Setting bch sub-encoding to TS1/4 on input line 364.
Package textcomp Info: Setting put sub-encoding to TS1/5 on input line 365.
Package textcomp Info: Setting uag sub-encoding to TS1/5 on input line 366.
Package textcomp Info: Setting ugq sub-encoding to TS1/5 on input line 367.
Package textcomp Info: Setting ul8 sub-encoding to TS1/4 on input line 368.
Package textcomp Info: Setting ul9 sub-encoding to TS1/4 on input line 369.
Package textcomp Info: Setting augie sub-encoding to TS1/5 on input line 370.
Package textcomp Info: Setting dayrom sub-encoding to TS1/3 on input line 371.
Package textcomp Info: Setting dayroms sub-encoding to TS1/3 on input line 372.

Package textcomp Info: Setting pxr sub-encoding to TS1/0 on input line 373.
Package textcomp Info: Setting pxss sub-encoding to TS1/0 on input line 374.
Package textcomp Info: Setting pxtt sub-encoding to TS1/0 on input line 375.
Package textcomp Info: Setting txr sub-encoding to TS1/0 on input line 376.
Package textcomp Info: Setting txss sub-encoding to TS1/0 on input line 377.
Package textcomp Info: Setting txtt sub-encoding to TS1/0 on input line 378.
Package textcomp Info: Setting lmr sub-encoding to TS1/0 on input line 379.
Package textcomp Info: Setting lmdh sub-encoding to TS1/0 on input line 380.
Package textcomp Info: Setting lmss sub-encoding to TS1/0 on input line 381.
Package textcomp Info: Setting lmssq sub-encoding to TS1/0 on input line 382.
Package textcomp Info: Setting lmvtt sub-encoding to TS1/0 on input line 383.
Package textcomp Info: Setting lmtt sub-encoding to TS1/0 on input line 384.
Package textcomp Info: Setting qhv sub-encoding to TS1/0 on input line 385.
Package textcomp Info: Setting qag sub-encoding to TS1/0 on input line 386.
Package textcomp Info: Setting qbk sub-encoding to TS1/0 on input line 387.
Package textcomp Info: Setting qcr sub-encoding to TS1/0 on input line 388.
Package textcomp Info: Setting qcs sub-encoding to TS1/0 on input line 389.
Package textcomp Info: Setting qpl sub-encoding to TS1/0 on input line 390.
Package textcomp Info: Setting qtm sub-encoding to TS1/0 on input line 391.
Package textcomp Info: Setting qzc sub-encoding to TS1/0 on input line 392.
Package textcomp Info: Setting qhvc sub-encoding to TS1/0 on input line 393.
Package textcomp Info: Setting futs sub-encoding to TS1/4 on input line 394.
Package textcomp Info: Setting futx sub-encoding to TS1/4 on input line 395.
Package textcomp Info: Setting futj sub-encoding to TS1/4 on input line 396.
Package textcomp Info: Setting hlh sub-encoding to TS1/3 on input line 397.
Package textcomp Info: Setting hls sub-encoding to TS1/3 on input line 398.
Package textcomp Info: Setting hlst sub-encoding to TS1/3 on input line 399.
Package textcomp Info: Setting hlct sub-encoding to TS1/5 on input line 400.
Package textcomp Info: Setting hlx sub-encoding to TS1/5 on input line 401.
Package textcomp Info: Setting hlce sub-encoding to TS1/5 on input line 402.
Package textcomp Info: Setting hlcn sub-encoding to TS1/5 on input line 403.
Package textcomp Info: Setting hlcw sub-encoding to TS1/5 on input line 404.
Package textcomp Info: Setting hlcf sub-encoding to TS1/5 on input line 405.
Package textcomp Info: Setting pplx sub-encoding to TS1/3 on input line 406.
Package textcomp Info: Setting pplj sub-encoding to TS1/3 on input line 407.
Package textcomp Info: Setting ptmx sub-encoding to TS1/4 on input line 408.
Package textcomp Info: Setting ptmj sub-encoding to TS1/4 on input line 409.
)
(/usr/share/texlive/texmf-dist/tex/latex/comment/comment.sty
\CommentStream=\write3

Excluding comment 'comment')
(/usr/share/texlive/texmf-dist/tex/latex/was/upgreek.sty
Package: upgreek 2003/02/12 v2.0 (WaS)
Package upgreek Info: Using Euler Roman for upright Greek on input line 31.
\symugrf@m=\mathgroup6
LaTeX Font Info:    Overwriting symbol font `ugrf@m' in version `bold'
(Font)                  U/eur/m/n --> U/eur/b/n on input line 38.
)
(/usr/share/texlive/texmf-dist/tex/latex/multirow/bigstrut.sty
\bigstrutjot=\dimen135
)
(/usr/share/texlive/texmf-dist/tex/latex/sttools/stfloats.sty
Package: stfloats 2016/02/08 v2.0 Improve float mechanism and baselineskip sett
ings
\@dblbotnum=\count120
\c@dblbotnumber=\count121
)
(/usr/share/texlive/texmf-dist/tex/latex/graphics/color.sty
Package: color 2016/01/03 v1.1b Standard LaTeX Color (DPC)

(/usr/share/texlive/texmf-dist/tex/latex/latexconfig/color.cfg
File: color.cfg 2007/01/18 v1.5 color configuration of teTeX/TeXLive
)
Package color Info: Driver file: pdftex.def on input line 143.
)
(/usr/share/texlive/texmf-dist/tex/latex/here/here.sty)
(/usr/share/texlive/texmf-dist/tex/latex/amsfonts/eucal.sty
Package: eucal 2009/06/22 v3.00 Euler Script fonts
LaTeX Font Info:    Overwriting math alphabet `\EuScript' in version `bold'
(Font)                  U/eus/m/n --> U/eus/b/n on input line 33.
)
\symusualmathcal=\mathgroup7

(/usr/share/texlive/texmf-dist/tex/latex/algorithms/algorithmic.sty
Package: algorithmic 2009/08/24 v0.1 Document Style `algorithmic'

(/usr/share/texlive/texmf-dist/tex/latex/base/ifthen.sty
Package: ifthen 2014/09/29 v1.1c Standard LaTeX ifthen package (DPC)
)
\c@ALC@unique=\count122
\c@ALC@line=\count123
\c@ALC@rem=\count124
\c@ALC@depth=\count125
\ALC@tlm=\skip98
\algorithmicindent=\skip99
)
(/usr/share/texlive/texmf-dist/tex/latex/algorithms/algorithm.sty
Package: algorithm 2009/08/24 v0.1 Document Style `algorithm' - floating enviro
nment
\@float@every@algorithm=\toks32
\c@algorithm=\count126
)
(/usr/share/texlive/texmf-dist/tex/latex/tools/array.sty
Package: array 2014/10/28 v2.4c Tabular extension package (FMi)
\col@sep=\dimen136
\extrarowheight=\dimen137
\NC@list=\toks33
\extratabsurround=\skip100
\backup@length=\skip101
)
(/usr/share/texlive/texmf-dist/tex/latex/multirow/multirow.sty)
(/usr/share/texlive/texmf-dist/tex/latex/xcolor/xcolor.sty
Package: xcolor 2007/01/21 v2.11 LaTeX color extensions (UK)

(/usr/share/texlive/texmf-dist/tex/latex/latexconfig/color.cfg
File: color.cfg 2007/01/18 v1.5 color configuration of teTeX/TeXLive
)
Package xcolor Info: Driver file: pdftex.def on input line 225.

(/usr/share/texlive/texmf-dist/tex/latex/colortbl/colortbl.sty
Package: colortbl 2012/02/13 v1.0a Color table columns (DPC)
\everycr=\toks34
\minrowclearance=\skip102
)
LaTeX Info: Redefining \color on input line 702.
\rownum=\count127
Package xcolor Info: Model `cmy' substituted by `cmy0' on input line 1337.
Package xcolor Info: Model `hsb' substituted by `rgb' on input line 1341.
Package xcolor Info: Model `RGB' extended on input line 1353.
Package xcolor Info: Model `HTML' substituted by `rgb' on input line 1355.
Package xcolor Info: Model `Hsb' substituted by `hsb' on input line 1356.
Package xcolor Info: Model `tHsb' substituted by `hsb' on input line 1357.
Package xcolor Info: Model `HSB' substituted by `hsb' on input line 1358.
Package xcolor Info: Model `Gray' substituted by `gray' on input line 1359.
Package xcolor Info: Model `wave' substituted by `hsb' on input line 1360.
)
(/usr/share/texlive/texmf-dist/tex/latex/booktabs/booktabs.sty
Package: booktabs 2005/04/14 v1.61803 publication quality tables
\heavyrulewidth=\dimen138
\lightrulewidth=\dimen139
\cmidrulewidth=\dimen140
\belowrulesep=\dimen141
\belowbottomsep=\dimen142
\aboverulesep=\dimen143
\abovetopsep=\dimen144
\cmidrulesep=\dimen145
\cmidrulekern=\dimen146
\defaultaddspace=\dimen147
\@cmidla=\count128
\@cmidlb=\count129
\@aboverulesep=\dimen148
\@belowrulesep=\dimen149
\@thisruleclass=\count130
\@lastruleclass=\count131
\@thisrulewidth=\dimen150
)
\@indexfile=\write4
\openout4 = `phd_thesis_TJKim.idx'.


Writing index file phd_thesis_TJKim.idx
\c@lemma=\count132
\c@definition=\count133
(./phd_thesis_TJKim.aux)
\openout1 = `phd_thesis_TJKim.aux'.

LaTeX Font Info:    Checking defaults for OML/cmm/m/it on input line 144.
LaTeX Font Info:    ... okay on input line 144.
LaTeX Font Info:    Checking defaults for T1/cmr/m/n on input line 144.
LaTeX Font Info:    ... okay on input line 144.
LaTeX Font Info:    Checking defaults for OT1/cmr/m/n on input line 144.
LaTeX Font Info:    ... okay on input line 144.
LaTeX Font Info:    Checking defaults for OMS/cmsy/m/n on input line 144.
LaTeX Font Info:    ... okay on input line 144.
LaTeX Font Info:    Checking defaults for OMX/cmex/m/n on input line 144.
LaTeX Font Info:    ... okay on input line 144.
LaTeX Font Info:    Checking defaults for U/cmr/m/n on input line 144.
LaTeX Font Info:    ... okay on input line 144.
LaTeX Font Info:    Checking defaults for LUC/nanummj/m/n on input line 144.
LaTeX Font Info:    Try loading font information for LUC+nanummj on input line 
144.

(/usr/share/texlive/texmf-dist/tex/latex/nanumtype1/lucnanummj.fd
File: lucnanummj.fd 2013/02/12 v0.1 Nanum Myeongjo font definitions
)
LaTeX Font Info:    ... okay on input line 144.
LaTeX Font Info:    Checking defaults for TS1/cmr/m/n on input line 144.
LaTeX Font Info:    Try loading font information for TS1+cmr on input line 144.


(/usr/share/texlive/texmf-dist/tex/latex/base/ts1cmr.fd
File: ts1cmr.fd 2014/09/29 v2.5h Standard LaTeX font definitions
)
LaTeX Font Info:    ... okay on input line 144.
LaTeX Font Info:    Try loading font information for OT1+ptm on input line 144.


(/usr/share/texlive/texmf-dist/tex/latex/psnfss/ot1ptm.fd
File: ot1ptm.fd 2001/06/04 font definitions for OT1/ptm.
)
*geometry* driver: auto-detecting
*geometry* detected driver: pdftex
*geometry* verbose mode - [ preamble ] result:
* driver: pdftex
* paper: b5paper
* layout: <same size as paper>
* layoutoffset:(h,v)=(0.0pt,0.0pt)
* modes: 
* h-part:(L,W,R)=(85.35826pt, 330.05197pt, 85.35826pt)
* v-part:(T,H,B)=(85.35826pt, 540.60237pt, 85.35826pt)
* \paperwidth=500.7685pt
* \paperheight=711.3189pt
* \textwidth=330.05197pt
* \textheight=540.60237pt
* \oddsidemargin=13.08827pt
* \evensidemargin=13.08827pt
* \topmargin=-18.78552pt
* \headheight=12.0pt
* \headsep=19.8738pt
* \topskip=11.0pt
* \footskip=27.46295pt
* \marginparwidth=7.0pt
* \marginparsep=7.0pt
* \columnsep=10.0pt
* \skip\footins=10.0pt plus 4.0pt minus 2.0pt
* \hoffset=0.0pt
* \voffset=0.0pt
* \mag=1000
* \@twocolumnfalse
* \@twosidefalse
* \@mparswitchfalse
* \@reversemarginfalse
* (1in=72.27pt=25.4mm, 1cm=28.453pt)

(/usr/share/texlive/texmf-dist/tex/context/base/supp-pdf.mkii
[Loading MPS to PDF converter (version 2006.09.02).]
\scratchcounter=\count134
\scratchdimen=\dimen151
\scratchbox=\box56
\nofMPsegments=\count135
\nofMParguments=\count136
\everyMPshowfont=\toks35
\MPscratchCnt=\count137
\MPscratchDim=\dimen152
\MPnumerator=\count138
\makeMPintoPDFobject=\count139
\everyMPtoPDFconversion=\toks36
) (/usr/share/texlive/texmf-dist/tex/generic/oberdiek/pdftexcmds.sty
Package: pdftexcmds 2011/11/29 v0.20 Utility functions of pdfTeX for LuaTeX (HO
)

(/usr/share/texlive/texmf-dist/tex/generic/oberdiek/ifluatex.sty
Package: ifluatex 2010/03/01 v1.3 Provides the ifluatex switch (HO)
Package ifluatex Info: LuaTeX not detected.
)
Package pdftexcmds Info: LuaTeX not detected.
Package pdftexcmds Info: \pdf@primitive is available.
Package pdftexcmds Info: \pdf@ifprimitive is available.
Package pdftexcmds Info: \pdfdraftmode found.
)
(/usr/share/texlive/texmf-dist/tex/latex/oberdiek/epstopdf-base.sty
Package: epstopdf-base 2010/02/09 v2.5 Base part for package epstopdf

(/usr/share/texlive/texmf-dist/tex/latex/oberdiek/grfext.sty
Package: grfext 2010/08/19 v1.1 Manage graphics extensions (HO)

(/usr/share/texlive/texmf-dist/tex/generic/oberdiek/kvdefinekeys.sty
Package: kvdefinekeys 2011/04/07 v1.3 Define keys (HO)
))
(/usr/share/texlive/texmf-dist/tex/latex/oberdiek/kvoptions.sty
Package: kvoptions 2011/06/30 v3.11 Key value format for package options (HO)

(/usr/share/texlive/texmf-dist/tex/generic/oberdiek/kvsetkeys.sty
Package: kvsetkeys 2012/04/25 v1.16 Key value parser (HO)

(/usr/share/texlive/texmf-dist/tex/generic/oberdiek/etexcmds.sty
Package: etexcmds 2011/02/16 v1.5 Avoid name clashes with e-TeX commands (HO)
Package etexcmds Info: Could not find \expanded.
(etexcmds)             That can mean that you are not using pdfTeX 1.50 or
(etexcmds)             that some package has redefined \expanded.
(etexcmds)             In the latter case, load this package earlier.
)))
Package grfext Info: Graphics extension search list:
(grfext)             [.png,.pdf,.jpg,.mps,.jpeg,.jbig2,.jb2,.PNG,.PDF,.JPG,.JPE
G,.JBIG2,.JB2,.eps]
(grfext)             \AppendGraphicsExtensions on input line 452.

(/usr/share/texlive/texmf-dist/tex/latex/latexconfig/epstopdf-sys.cfg
File: epstopdf-sys.cfg 2010/07/13 v1.3 Configuration of (r)epstopdf for TeX Liv
e
))
\symgns@font=\mathgroup8
LaTeX Font Info:    Overwriting symbol font `gns@font' in version `bold'
(Font)                  TS1/ptm/m/n --> TS1/ptm/bx/n on input line 144.
Package gensymb Info: Math companion symbols declared on input line 144.
LaTeX Info: Redefining \degree on input line 144.
LaTeX Info: Redefining \celsius on input line 144.
Package gensymb Info: Using text companion symbols for \degree, \celsius and \p
erthousand on input line 144.
LaTeX Info: Redefining \ohm on input line 144.
Package gensymb Info: Using \textohm for \ohm on input line 144.
Package gensymb Info: Using \textmu for \micro on input line 144.
LaTeX Font Info:    Font shape `OT1/ptm/bx/n' in size <22> not available
(Font)              Font shape `OT1/ptm/b/n' tried instead on input line 151.
LaTeX Font Info:    Font shape `OT1/ptm/bx/n' in size <17.28> not available
(Font)              Font shape `OT1/ptm/b/n' tried instead on input line 151.
LaTeX Font Info:    Font shape `OT1/ptm/bx/n' in size <16> not available
(Font)              Font shape `OT1/ptm/b/n' tried instead on input line 151.
LaTeX Font Info:    Font shape `OT1/ptm/bx/n' in size <14.4> not available
(Font)              Font shape `OT1/ptm/b/n' tried instead on input line 151.
LaTeX Font Info:    Calculating math sizes for size <14> on input line 151.
LaTeX Font Info:    External font `cmex7' loaded for size
(Font)              <7> on input line 151.
LaTeX Font Info:    Try loading font information for U+msa on input line 151.

(/usr/share/texlive/texmf-dist/tex/latex/amsfonts/umsa.fd
File: umsa.fd 2013/01/14 v3.01 AMS symbols A
)
LaTeX Font Info:    Try loading font information for U+msb on input line 151.

(/usr/share/texlive/texmf-dist/tex/latex/amsfonts/umsb.fd
File: umsb.fd 2013/01/14 v3.01 AMS symbols B
)
LaTeX Font Info:    Try loading font information for TS1+ptm on input line 151.


(/usr/share/texlive/texmf-dist/tex/latex/psnfss/ts1ptm.fd
File: ts1ptm.fd 2001/06/04 font definitions for TS1/ptm.
) [1

{/var/lib/texmf/fonts/map/pdftex/updmap/pdftex.map}]
LaTeX Font Info:    Font shape `OT1/ptm/bx/n' in size <19> not available
(Font)              Font shape `OT1/ptm/b/n' tried instead on input line 154.
LaTeX Font Info:    Font shape `OT1/ptm/bx/n' in size <15> not available
(Font)              Font shape `OT1/ptm/b/n' tried instead on input line 154.
LaTeX Font Info:    External font `cmex7' loaded for size
(Font)              <6> on input line 154.
 [2

] (./Abstract.tex
LaTeX Font Info:    Font shape `OT1/ptm/bx/n' in size <10.95> not available
(Font)              Font shape `OT1/ptm/b/n' tried instead on input line 1.
LaTeX Font Info:    Font shape `OT1/ptm/bx/n' in size <20> not available
(Font)              Font shape `OT1/ptm/b/n' tried instead on input line 1.

Overfull \hbox (0.94055pt too wide) in paragraph at lines 10--15
\OT1/ptm/m/n/10.95 re-cent high-density NAND flash mem-ory are pro-posed. Un-li
ke ex-ist-ing tech-
 []

[1


] [2]) (./phd_thesis_TJKim.toc
LaTeX Font Info:    Try loading font information for OT1+phv on input line 13.

(/usr/share/texlive/texmf-dist/tex/latex/psnfss/ot1phv.fd
File: ot1phv.fd 2001/06/04 scalable font definitions for OT1/phv.
) [3


])
\tf@toc=\write5
\openout5 = `phd_thesis_TJKim.toc'.

 [4]
(./phd_thesis_TJKim.lof
Overfull \hbox (0.99841pt too wide) in paragraph at lines 17--17
 [][] []\OT1/ptm/m/n/10.95 Lifetime dis-tri-bu-tions of the com-paction ac-tiv-
ity at dif- 
 []

LaTeX Font Info:    Try loading font information for OT1+pcr on input line 27.
(/usr/share/texlive/texmf-dist/tex/latex/psnfss/ot1pcr.fd
File: ot1pcr.fd 2001/06/04 font definitions for OT1/pcr.
) [5

])
\tf@lof=\write6
\openout6 = `phd_thesis_TJKim.lof'.

 [6]
(./phd_thesis_TJKim.lot)
\tf@lot=\write7
\openout7 = `phd_thesis_TJKim.lot'.

 [7

] (./Introduction.tex
Chapter 1.
LaTeX Font Info:    Font shape `OT1/ptm/bx/n' in size <18> not available
(Font)              Font shape `OT1/ptm/b/n' tried instead on input line 2.
[1


] Excluding 'comment' comment. [2]
LaTeX Font Info:    External font `cmex7' loaded for size
(Font)              <5> on input line 95.
 [3]
Overfull \hbox (3.22835pt too wide) in paragraph at lines 107--118
\OT1/phv/m/n/10 PC-Stream\OT1/ptm/m/n/10.95 , for multi-streamed SSDs based on 
pro-gram con-texts (PCs).
 []

[4]) (./Background.tex [5]
Chapter 2.

Overfull \hbox (28.80913pt too wide) in paragraph at lines 5--5
[]\OT1/ptm/b/n/16 Data Sep-a-ra-tion Tech-niques for Multi-streamed
 []

[6

] [7]
Overfull \hbox (10.01901pt too wide) in paragraph at lines 110--125
[]\OT1/ptm/m/n/10.95 Data dedu-pli-ca-tion tech-niques, which are orig-i-nally 
de-vel-oped for backup
 []

[8] [9]
Overfull \hbox (6.95363pt too wide) in paragraph at lines 148--157
\OT1/ptm/m/n/10.95 pro-posed. Z. Chen [[]] pro-posed Or-der-MergeD-edup which o
r-ders and merges
 []


Overfull \hbox (0.67776pt too wide) in paragraph at lines 148--157
\OT1/ptm/m/n/10.95 dedu-pli-ca-tion with caching ar-chi-tec-ture to ad-dress li
m-ited en-durance of flash
 []

[10]) (./PCstream.tex [11]
Chapter 3.
LaTeX Font Info:    Font shape `OT1/ptm/bx/n' in size <12> not available
(Font)              Font shape `OT1/ptm/b/n' tried instead on input line 5.
LaTeX Font Info:    Font shape `OT1/ptm/bx/n' in size <14> not available
(Font)              Font shape `OT1/ptm/b/n' tried instead on input line 5.
[12

] <figure/pcstream/lba_lifetime2.png, id=121, 385.44pt x 234.8775pt>
File: figure/pcstream/lba_lifetime2.png Graphic file (type png)

<use figure/pcstream/lba_lifetime2.png>
Package pdftex.def Info: figure/pcstream/lba_lifetime2.png used on input line 6
1.
(pdftex.def)             Requested size: 131.04787pt x 79.85728pt.
Package epstopdf Info: Source file: <figure/pcstream/lifetime_in_chunk.eps>
(epstopdf)                    date: 2018-06-04 15:34:33
(epstopdf)                    size: 28908 bytes
(epstopdf)             Output file: <figure/pcstream/lifetime_in_chunk-eps-conv
erted-to.pdf>
(epstopdf)                    date: 2018-06-04 15:34:33
(epstopdf)                    size: 14228 bytes
(epstopdf)             Command: <repstopdf --outfile=figure/pcstream/lifetime_i
n_chunk-eps-converted-to.pdf figure/pcstream/lifetime_in_chunk.eps>
(epstopdf)             \includegraphics on input line 62.
Package epstopdf Info: Output file is already uptodate.

<figure/pcstream/lifetime_in_chunk-eps-converted-to.pdf, id=122, 144.54pt x 88.
33pt>
File: figure/pcstream/lifetime_in_chunk-eps-converted-to.pdf Graphic file (type
 pdf)
 <use figure/pcstream/lifetime_in_chunk-eps-converted-to.pdf>
Package pdftex.def Info: figure/pcstream/lifetime_in_chunk-eps-converted-to.pdf
 used on input line 62.
(pdftex.def)             Requested size: 144.53963pt x 88.32977pt.

Excluding 'comment' comment. [13 <./figure/pcstream/lba_lifetime2.png> <./figur
e/pcstream/lifetime_in_chunk-eps-converted-to.pdf>]
Excluding 'comment' comment. [14]
<figure/pcstream/type_1.png, id=135, 385.44pt x 234.8775pt>
File: figure/pcstream/type_1.png Graphic file (type png)

<use figure/pcstream/type_1.png>
Package pdftex.def Info: figure/pcstream/type_1.png used on input line 142.
(pdftex.def)             Requested size: 154.17326pt x 93.94933pt.

<figure/pcstream/pcID_2.png, id=136, 385.44pt x 234.8775pt>
File: figure/pcstream/pcID_2.png Graphic file (type png)

<use figure/pcstream/pcID_2.png>
Package pdftex.def Info: figure/pcstream/pcID_2.png used on input line 144.
(pdftex.def)             Requested size: 154.17326pt x 93.94933pt.

<figure/pcstream/type_3.png, id=137, 385.44pt x 234.8775pt>
File: figure/pcstream/type_3.png Graphic file (type png)

<use figure/pcstream/type_3.png>
Package pdftex.def Info: figure/pcstream/type_3.png used on input line 146.
(pdftex.def)             Requested size: 154.17326pt x 93.94933pt.

<figure/pcstream/pcID_3.png, id=138, 385.44pt x 234.8775pt>
File: figure/pcstream/pcID_3.png Graphic file (type png)

<use figure/pcstream/pcID_3.png>
Package pdftex.def Info: figure/pcstream/pcID_3.png used on input line 148.
(pdftex.def)             Requested size: 154.17326pt x 93.94933pt.
 [15 <./figure/pcstream/type_1.png> <./figure/pcstream/pcID_2.png> <./figure/pc
stream/type_3.png> <./figure/pcstream/pcID_3.png>]
LaTeX Font Info:    Font shape `OT1/phv/bx/n' in size <16> not available
(Font)              Font shape `OT1/phv/b/n' tried instead on input line 170.
 [16]
Package epstopdf Info: Source file: <figure/pcstream/architecture4.eps>
(epstopdf)                    date: 2018-06-04 15:34:33
(epstopdf)                    size: 483925 bytes
(epstopdf)             Output file: <figure/pcstream/architecture4-eps-converte
d-to.pdf>
(epstopdf)                    date: 2018-06-04 15:34:33
(epstopdf)                    size: 48513 bytes
(epstopdf)             Command: <repstopdf --outfile=figure/pcstream/architectu
re4-eps-converted-to.pdf figure/pcstream/architecture4.eps>
(epstopdf)             \includegraphics on input line 224.
Package epstopdf Info: Output file is already uptodate.

<figure/pcstream/architecture4-eps-converted-to.pdf, id=151, 279.0425pt x 252.9
45pt>
File: figure/pcstream/architecture4-eps-converted-to.pdf Graphic file (type pdf
)
 <use figure/pcstream/architecture4-eps-converted-to.pdf>
Package pdftex.def Info: figure/pcstream/architecture4-eps-converted-to.pdf use
d on input line 224.
(pdftex.def)             Requested size: 198.03319pt x 179.51888pt.
 [17]
Package epstopdf Info: Source file: <figure/pcstream/getpc_1.eps>
(epstopdf)                    date: 2018-06-04 15:34:33
(epstopdf)                    size: 432418 bytes
(epstopdf)             Output file: <figure/pcstream/getpc_1-eps-converted-to.p
df>
(epstopdf)                    date: 2018-06-04 15:34:33
(epstopdf)                    size: 34428 bytes
(epstopdf)             Command: <repstopdf --outfile=figure/pcstream/getpc_1-ep
s-converted-to.pdf figure/pcstream/getpc_1.eps>
(epstopdf)             \includegraphics on input line 250.
Package epstopdf Info: Output file is already uptodate.

<figure/pcstream/getpc_1-eps-converted-to.pdf, id=155, 480.79625pt x 41.15375pt
>
File: figure/pcstream/getpc_1-eps-converted-to.pdf Graphic file (type pdf)
 <use figure/pcstream/getpc_1-eps-converted-to.pdf>
Package pdftex.def Info: figure/pcstream/getpc_1-eps-converted-to.pdf used on i
nput line 250.
(pdftex.def)             Requested size: 288.47997pt x 24.69243pt.
Package epstopdf Info: Source file: <figure/pcstream/getpc_2.eps>
(epstopdf)                    date: 2018-06-04 15:34:33
(epstopdf)                    size: 760620 bytes
(epstopdf)             Output file: <figure/pcstream/getpc_2-eps-converted-to.p
df>
(epstopdf)                    date: 2018-06-04 15:34:33
(epstopdf)                    size: 69210 bytes
(epstopdf)             Command: <repstopdf --outfile=figure/pcstream/getpc_2-ep
s-converted-to.pdf figure/pcstream/getpc_2.eps>
(epstopdf)             \includegraphics on input line 252.
Package epstopdf Info: Output file is already uptodate.

<figure/pcstream/getpc_2-eps-converted-to.pdf, id=156, 268.00125pt x 173.64874p
t>
File: figure/pcstream/getpc_2-eps-converted-to.pdf Graphic file (type pdf)
 <use figure/pcstream/getpc_2-eps-converted-to.pdf>
Package pdftex.def Info: figure/pcstream/getpc_2-eps-converted-to.pdf used on i
nput line 252.
(pdftex.def)             Requested size: 147.40112pt x 95.5071pt.
Package epstopdf Info: Source file: <figure/pcstream/getpc_3.eps>
(epstopdf)                    date: 2018-06-04 15:34:33
(epstopdf)                    size: 636429 bytes
(epstopdf)             Output file: <figure/pcstream/getpc_3-eps-converted-to.p
df>
(epstopdf)                    date: 2018-06-04 15:34:33
(epstopdf)                    size: 55185 bytes
(epstopdf)             Command: <repstopdf --outfile=figure/pcstream/getpc_3-ep
s-converted-to.pdf figure/pcstream/getpc_3.eps>
(epstopdf)             \includegraphics on input line 254.
Package epstopdf Info: Output file is already uptodate.

<figure/pcstream/getpc_3-eps-converted-to.pdf, id=157, 278.03876pt x 176.66pt>
File: figure/pcstream/getpc_3-eps-converted-to.pdf Graphic file (type pdf)

<use figure/pcstream/getpc_3-eps-converted-to.pdf>
Package pdftex.def Info: figure/pcstream/getpc_3-eps-converted-to.pdf used on i
nput line 254.
(pdftex.def)             Requested size: 152.92178pt x 97.16328pt.
 [18 <./figure/pcstream/architecture4-eps-converted-to.pdf>] [19 <./figure/pcst
ream/getpc_1-eps-converted-to.pdf> <./figure/pcstream/getpc_2-eps-converted-to.
pdf> <./figure/pcstream/getpc_3-eps-converted-to.pdf>] [20]
Overfull \hbox (1.3128pt too wide) in paragraph at lines 347--361
[]\OT1/ptm/m/n/10.95 Unfortunately, in the cur-rent RocksDB im-ple-men-ta-tion,
 the com-paction
 []

<figure/pcstream/pc_3.png, id=256, 385.44pt x 234.8775pt>
File: figure/pcstream/pc_3.png Graphic file (type png)

<use figure/pcstream/pc_3.png>
Package pdftex.def Info: figure/pcstream/pc_3.png used on input line 364.
(pdftex.def)             Requested size: 154.17326pt x 93.94933pt.

<figure/pcstream/type_4.png, id=257, 385.44pt x 234.8775pt>
File: figure/pcstream/type_4.png Graphic file (type png)

<use figure/pcstream/type_4.png>
Package pdftex.def Info: figure/pcstream/type_4.png used on input line 366.
(pdftex.def)             Requested size: 154.17326pt x 93.94933pt.

<figure/pcstream/type_5.png, id=258, 385.44pt x 234.8775pt>
File: figure/pcstream/type_5.png Graphic file (type png)

<use figure/pcstream/type_5.png>
Package pdftex.def Info: figure/pcstream/type_5.png used on input line 368.
(pdftex.def)             Requested size: 154.17326pt x 93.94933pt.

<figure/pcstream/type_6.png, id=259, 385.44pt x 234.8775pt>
File: figure/pcstream/type_6.png Graphic file (type png)

<use figure/pcstream/type_6.png>
Package pdftex.def Info: figure/pcstream/type_6.png used on input line 370.
(pdftex.def)             Requested size: 154.17326pt x 93.94933pt.
 [21] [22 <./figure/pcstream/pc_3.png> <./figure/pcstream/type_4.png> <./figure
/pcstream/type_5.png> <./figure/pcstream/type_6.png>]
Overfull \hbox (12.91043pt too wide) in paragraph at lines 405--412
[]\OT1/ptm/m/n/10.95 For bench-marks, we have used three sce-nar-ios of \OT1/pc
r/m/n/10.95 db[]bench \OT1/ptm/m/n/10.95 of RocksDB:
 []

[23]
Package epstopdf Info: Source file: <figure/pcstream/result_emul.eps>
(epstopdf)                    date: 2018-06-04 16:21:55
(epstopdf)                    size: 468510 bytes
(epstopdf)             Output file: <figure/pcstream/result_emul-eps-converted-
to.pdf>
(epstopdf)                    date: 2018-06-04 16:24:13
(epstopdf)                    size: 31937 bytes
(epstopdf)             Command: <repstopdf --outfile=figure/pcstream/result_emu
l-eps-converted-to.pdf figure/pcstream/result_emul.eps>
(epstopdf)             \includegraphics on input line 428.
Package epstopdf Info: Output file is already uptodate.

<figure/pcstream/result_emul-eps-converted-to.pdf, id=275, 358.33875pt x 216.81
pt>
File: figure/pcstream/result_emul-eps-converted-to.pdf Graphic file (type pdf)
 <use figure/pcstream/result_emul-eps-converted-to.pdf>
Package pdftex.def Info: figure/pcstream/result_emul-eps-converted-to.pdf used 
on input line 428.
(pdftex.def)             Requested size: 215.0049pt x 130.08699pt.
 [24 <./figure/pcstream/result_emul-eps-converted-to.pdf>]
Package epstopdf Info: Source file: <figure/pcstream/stream_lifetime.eps>
(epstopdf)                    date: 2018-06-04 16:22:04
(epstopdf)                    size: 516231 bytes
(epstopdf)             Output file: <figure/pcstream/stream_lifetime-eps-conver
ted-to.pdf>
(epstopdf)                    date: 2018-06-04 16:29:40
(epstopdf)                    size: 43468 bytes
(epstopdf)             Command: <repstopdf --outfile=figure/pcstream/stream_lif
etime-eps-converted-to.pdf figure/pcstream/stream_lifetime.eps>
(epstopdf)             \includegraphics on input line 460.
Package epstopdf Info: Output file is already uptodate.

<figure/pcstream/stream_lifetime-eps-converted-to.pdf, id=297, 485.815pt x 211.
79124pt>
File: figure/pcstream/stream_lifetime-eps-converted-to.pdf Graphic file (type p
df)
 <use figure/pcstream/stream_lifetime-eps-converted-to.pdf>
Package pdftex.def Info: figure/pcstream/stream_lifetime-eps-converted-to.pdf u
sed on input line 460.
(pdftex.def)             Requested size: 291.49124pt x 127.07571pt.
 [25 <./figure/pcstream/stream_lifetime-eps-converted-to.pdf>]
Package epstopdf Info: Source file: <figure/pcstream/result_ssd.eps>
(epstopdf)                    date: 2018-06-04 16:21:55
(epstopdf)                    size: 465872 bytes
(epstopdf)             Output file: <figure/pcstream/result_ssd-eps-converted-t
o.pdf>
(epstopdf)                    date: 2018-06-04 16:29:41
(epstopdf)                    size: 30736 bytes
(epstopdf)             Command: <repstopdf --outfile=figure/pcstream/result_ssd
-eps-converted-to.pdf figure/pcstream/result_ssd.eps>
(epstopdf)             \includegraphics on input line 508.
Package epstopdf Info: Output file is already uptodate.

<figure/pcstream/result_ssd-eps-converted-to.pdf, id=313, 358.33875pt x 217.813
75pt>
File: figure/pcstream/result_ssd-eps-converted-to.pdf Graphic file (type pdf)
 <use figure/pcstream/result_ssd-eps-converted-to.pdf>
Package pdftex.def Info: figure/pcstream/result_ssd-eps-converted-to.pdf used o
n input line 508.
(pdftex.def)             Requested size: 215.0049pt x 130.68924pt.
) (./Finededup.tex
[26 <./figure/pcstream/result_ssd-eps-converted-to.pdf>]
Chapter 4.
[27

]
Package epstopdf Info: Source file: <figure/finededup/dupChunkperReq.eps>
(epstopdf)                    date: 2018-06-04 15:35:12
(epstopdf)                    size: 375928 bytes
(epstopdf)             Output file: <figure/finededup/dupChunkperReq-eps-conver
ted-to.pdf>
(epstopdf)                    date: 2018-06-04 15:41:58
(epstopdf)                    size: 32241 bytes
(epstopdf)             Command: <repstopdf --outfile=figure/finededup/dupChunkp
erReq-eps-converted-to.pdf figure/finededup/dupChunkperReq.eps>
(epstopdf)             \includegraphics on input line 29.
Package epstopdf Info: Output file is already uptodate.

<figure/finededup/dupChunkperReq-eps-converted-to.pdf, id=335, 476.78125pt x 33
9.2675pt>
File: figure/finededup/dupChunkperReq-eps-converted-to.pdf Graphic file (type p
df)
 <use figure/finededup/dupChunkperReq-eps-converted-to.pdf>
Package pdftex.def Info: figure/finededup/dupChunkperReq-eps-converted-to.pdf u
sed on input line 29.
(pdftex.def)             Requested size: 238.39003pt x 169.63333pt.
Package epstopdf Info: Source file: <figure/finededup/nonDuplicatedData_ChunkSi
ze.eps>
(epstopdf)                    date: 2018-06-04 15:35:12
(epstopdf)                    size: 18401 bytes
(epstopdf)             Output file: <figure/finededup/nonDuplicatedData_ChunkSi
ze-eps-converted-to.pdf>
(epstopdf)                    date: 2018-06-04 15:41:59
(epstopdf)                    size: 6854 bytes
(epstopdf)             Command: <repstopdf --outfile=figure/finededup/nonDuplic
atedData_ChunkSize-eps-converted-to.pdf figure/finededup/nonDuplicatedData_Chun
kSize.eps>
(epstopdf)             \includegraphics on input line 49.
Package epstopdf Info: Output file is already uptodate.

<figure/finededup/nonDuplicatedData_ChunkSize-eps-converted-to.pdf, id=336, 252
.945pt x 126.4725pt>
File: figure/finededup/nonDuplicatedData_ChunkSize-eps-converted-to.pdf Graphic
 file (type pdf)

<use figure/finededup/nonDuplicatedData_ChunkSize-eps-converted-to.pdf>
Package pdftex.def Info: figure/finededup/nonDuplicatedData_ChunkSize-eps-conve
rted-to.pdf used on input line 49.
(pdftex.def)             Requested size: 252.94438pt x 126.47218pt.

[28 <./figure/finededup/dupChunkperReq-eps-converted-to.pdf>]
Overfull \hbox (2.13449pt too wide) in paragraph at lines 73--82
\OT1/ptm/m/n/10.95 In or-der to ef-fec-tively in-cor-po-rate fine-grained dedu-
pli-ca-tion into flash-based
 []


Overfull \hbox (5.03607pt too wide) in paragraph at lines 73--82
\OT1/ptm/m/n/10.95 SSDs, two key tech-ni-cal is-sues must be ad-dressed prop-er
ly. First, fine-grained
 []

[29 <./figure/finededup/nonDuplicatedData_ChunkSize-eps-converted-to.pdf>]
[30]
LaTeX Font Info:    Try loading font information for OMS+ptm on input line 116.

 (/usr/share/texlive/texmf-dist/tex/latex/psnfss/omsptm.fd
File: omsptm.fd 
)
LaTeX Font Info:    Font shape `OMS/ptm/m/n' in size <10.95> not available
(Font)              Font shape `OMS/cmsy/m/n' tried instead on input line 116.
 [31]
Package epstopdf Info: Source file: <figure/finededup/overview.eps>
(epstopdf)                    date: 2018-06-04 15:35:12
(epstopdf)                    size: 132211 bytes
(epstopdf)             Output file: <figure/finededup/overview-eps-converted-to
.pdf>
(epstopdf)                    date: 2018-06-04 15:41:59
(epstopdf)                    size: 64996 bytes
(epstopdf)             Command: <repstopdf --outfile=figure/finededup/overview-
eps-converted-to.pdf figure/finededup/overview.eps>
(epstopdf)             \includegraphics on input line 137.
Package epstopdf Info: Output file is already uptodate.

<figure/finededup/overview-eps-converted-to.pdf, id=376, 583.17876pt x 225.8437
5pt>
File: figure/finededup/overview-eps-converted-to.pdf Graphic file (type pdf)
 <use figure/finededup/overview-eps-converted-to.pdf>
Package pdftex.def Info: figure/finededup/overview-eps-converted-to.pdf used on
 input line 137.
(pdftex.def)             Requested size: 233.26736pt x 90.33589pt.
 [32 <./figure/finededup/overview-eps-converted-to.pdf>] [33]
Package epstopdf Info: Source file: <figure/finededup/readoverhead.eps>
(epstopdf)                    date: 2018-06-04 15:35:12
(epstopdf)                    size: 79350 bytes
(epstopdf)             Output file: <figure/finededup/readoverhead-eps-converte
d-to.pdf>
(epstopdf)                    date: 2018-06-04 15:41:59
(epstopdf)                    size: 32986 bytes
(epstopdf)             Command: <repstopdf --outfile=figure/finededup/readoverh
ead-eps-converted-to.pdf figure/finededup/readoverhead.eps>
(epstopdf)             \includegraphics on input line 201.
Package epstopdf Info: Output file is already uptodate.

<figure/finededup/readoverhead-eps-converted-to.pdf, id=385, 718.685pt x 266.99
75pt>
File: figure/finededup/readoverhead-eps-converted-to.pdf Graphic file (type pdf
)
 <use figure/finededup/readoverhead-eps-converted-to.pdf>
Package pdftex.def Info: figure/finededup/readoverhead-eps-converted-to.pdf use
d on input line 201.
(pdftex.def)             Requested size: 287.4689pt x 106.79709pt.
Package epstopdf Info: Source file: <figure/finededup/chunkbuffer.eps>
(epstopdf)                    date: 2018-06-04 15:35:12
(epstopdf)                    size: 95486 bytes
(epstopdf)             Output file: <figure/finededup/chunkbuffer-eps-converted
-to.pdf>
(epstopdf)                    date: 2018-06-04 15:41:59
(epstopdf)                    size: 40534 bytes
(epstopdf)             Command: <repstopdf --outfile=figure/finededup/chunkbuff
er-eps-converted-to.pdf figure/finededup/chunkbuffer.eps>
(epstopdf)             \includegraphics on input line 218.
Package epstopdf Info: Output file is already uptodate.

<figure/finededup/chunkbuffer-eps-converted-to.pdf, id=386, 674.52pt x 320.1962
4pt>
File: figure/finededup/chunkbuffer-eps-converted-to.pdf Graphic file (type pdf)

 <use figure/finededup/chunkbuffer-eps-converted-to.pdf>
Package pdftex.def Info: figure/finededup/chunkbuffer-eps-converted-to.pdf used
 on input line 218.
(pdftex.def)             Requested size: 269.80322pt x 128.07622pt.
 [34 <./figure/finededup/readoverhead-eps-converted-to.pdf>] [35 <./figure/fine
dedup/chunkbuffer-eps-converted-to.pdf>] [36]
Package epstopdf Info: Source file: <figure/finededup/hybridmapping_1.eps>
(epstopdf)                    date: 2018-06-04 15:35:12
(epstopdf)                    size: 85046 bytes
(epstopdf)             Output file: <figure/finededup/hybridmapping_1-eps-conve
rted-to.pdf>
(epstopdf)                    date: 2018-06-04 15:42:00
(epstopdf)                    size: 33838 bytes
(epstopdf)             Command: <repstopdf --outfile=figure/finededup/hybridmap
ping_1-eps-converted-to.pdf figure/finededup/hybridmapping_1.eps>
(epstopdf)             \includegraphics on input line 295.
Package epstopdf Info: Output file is already uptodate.

<figure/finededup/hybridmapping_1-eps-converted-to.pdf, id=401, 454.69875pt x 2
86.06876pt>
File: figure/finededup/hybridmapping_1-eps-converted-to.pdf Graphic file (type 
pdf)
 <use figure/finededup/hybridmapping_1-eps-converted-to.pdf>
Package pdftex.def Info: figure/finededup/hybridmapping_1-eps-converted-to.pdf 
used on input line 295.
(pdftex.def)             Requested size: 227.34882pt x 143.03403pt.

[37] [38 <./figure/finededup/hybridmapping_1-eps-converted-to.pdf>] [39]
Package epstopdf Info: Source file: <figure/finededup/dataReduction_Chunksize_l
ess.eps>
(epstopdf)                    date: 2018-06-04 15:35:12
(epstopdf)                    size: 14551 bytes
(epstopdf)             Output file: <figure/finededup/dataReduction_Chunksize_l
ess-eps-converted-to.pdf>
(epstopdf)                    date: 2018-06-04 15:42:00
(epstopdf)                    size: 8833 bytes
(epstopdf)             Command: <repstopdf --outfile=figure/finededup/dataReduc
tion_Chunksize_less-eps-converted-to.pdf figure/finededup/dataReduction_Chunksi
ze_less.eps>
(epstopdf)             \includegraphics on input line 421.
Package epstopdf Info: Output file is already uptodate.

<figure/finededup/dataReduction_Chunksize_less-eps-converted-to.pdf, id=413, 41
0.53375pt x 218.8175pt>
File: figure/finededup/dataReduction_Chunksize_less-eps-converted-to.pdf Graphi
c file (type pdf)

<use figure/finededup/dataReduction_Chunksize_less-eps-converted-to.pdf>
Package pdftex.def Info: figure/finededup/dataReduction_Chunksize_less-eps-conv
erted-to.pdf used on input line 421.
(pdftex.def)             Requested size: 246.32214pt x 131.2915pt.

[40] [41 <./figure/finededup/dataReduction_Chunksize_less-eps-converted-to.pdf>
]
Package epstopdf Info: Source file: <figure/finededup/increasedPageRead.eps>
(epstopdf)                    date: 2018-06-04 15:35:12
(epstopdf)                    size: 14543 bytes
(epstopdf)             Output file: <figure/finededup/increasedPageRead-eps-con
verted-to.pdf>
(epstopdf)                    date: 2018-06-04 15:42:00
(epstopdf)                    size: 8684 bytes
(epstopdf)             Command: <repstopdf --outfile=figure/finededup/increased
PageRead-eps-converted-to.pdf figure/finededup/increasedPageRead.eps>
(epstopdf)             \includegraphics on input line 461.
Package epstopdf Info: Output file is already uptodate.

<figure/finededup/increasedPageRead-eps-converted-to.pdf, id=428, 419.5675pt x 
213.79875pt>
File: figure/finededup/increasedPageRead-eps-converted-to.pdf Graphic file (typ
e pdf)
 <use figure/finededup/increasedPageRead-eps-converted-to.pdf>
Package pdftex.def Info: figure/finededup/increasedPageRead-eps-converted-to.pd
f used on input line 461.
(pdftex.def)             Requested size: 251.74243pt x 128.28023pt.

Overfull \hbox (0.22969pt too wide) in paragraph at lines 466--478
\OT1/ptm/m/n/10.95 As ex-plained in Sec-tion 4.2.2[], fine-grained chunk-ing in
 FineD-edup in-creases
 []

[42 <./figure/finededup/increasedPageRead-eps-converted-to.pdf>]
Package epstopdf Info: Source file: <figure/finededup/mappingcachehit.eps>
(epstopdf)                    date: 2018-06-04 15:35:12
(epstopdf)                    size: 18795 bytes
(epstopdf)             Output file: <figure/finededup/mappingcachehit-eps-conve
rted-to.pdf>
(epstopdf)                    date: 2018-06-04 15:42:00
(epstopdf)                    size: 8239 bytes
(epstopdf)             Command: <repstopdf --outfile=figure/finededup/mappingca
chehit-eps-converted-to.pdf figure/finededup/mappingcachehit.eps>
(epstopdf)             \includegraphics on input line 502.
Package epstopdf Info: Output file is already uptodate.

<figure/finededup/mappingcachehit-eps-converted-to.pdf, id=438, 178.6675pt x 12
1.45375pt>
File: figure/finededup/mappingcachehit-eps-converted-to.pdf Graphic file (type 
pdf)
 <use figure/finededup/mappingcachehit-eps-converted-to.pdf>
Package pdftex.def Info: figure/finededup/mappingcachehit-eps-converted-to.pdf 
used on input line 502.
(pdftex.def)             Requested size: 142.93417pt x 97.1631pt.
Package epstopdf Info: Source file: <figure/finededup/mappingeviction.eps>
(epstopdf)                    date: 2018-06-04 15:35:12
(epstopdf)                    size: 18907 bytes
(epstopdf)             Output file: <figure/finededup/mappingeviction-eps-conve
rted-to.pdf>
(epstopdf)                    date: 2018-06-04 15:42:01
(epstopdf)                    size: 8482 bytes
(epstopdf)             Command: <repstopdf --outfile=figure/finededup/mappingev
iction-eps-converted-to.pdf figure/finededup/mappingeviction.eps>
(epstopdf)             \includegraphics on input line 503.
Package epstopdf Info: Output file is already uptodate.

<figure/finededup/mappingeviction-eps-converted-to.pdf, id=439, 178.6675pt x 12
1.45375pt>
File: figure/finededup/mappingeviction-eps-converted-to.pdf Graphic file (type 
pdf)
 <use figure/finededup/mappingeviction-eps-converted-to.pdf>
Package pdftex.def Info: figure/finededup/mappingeviction-eps-converted-to.pdf 
used on input line 503.
(pdftex.def)             Requested size: 142.93417pt x 97.1631pt.

Underfull \hbox (badness 1635) in paragraph at lines 503--503
[]\OT1/ptm/m/n/9 (b) Ex-tra data writ-ten due to SMT
 []

[43]
<figure/finededup/evicteddata_result.png, id=443, 545.03625pt x 319.1925pt>
File: figure/finededup/evicteddata_result.png Graphic file (type png)

<use figure/finededup/evicteddata_result.png>
Package pdftex.def Info: figure/finededup/evicteddata_result.png used on input 
line 534.
(pdftex.def)             Requested size: 245.26405pt x 143.63528pt.
 [44 <./figure/finededup/mappingcachehit-eps-converted-to.pdf> <./figure/finede
dup/mappingeviction-eps-converted-to.pdf>]
Overfull \hbox (6.25327pt too wide) in paragraph at lines 553--553
[]\OT1/ptm/b/n/14 Evaluation of the Ef-fec-tive-ness of the Chunk Read
 []

<figure/finededup/readbuffer_result.png, id=457, 489.5088pt x 227.8914pt>
File: figure/finededup/readbuffer_result.png Graphic file (type png)

<use figure/finededup/readbuffer_result.png>
Package pdftex.def Info: figure/finededup/readbuffer_result.png used on input l
ine 556.
(pdftex.def)             Requested size: 318.17694pt x 148.12764pt.
 [45 <./figure/finededup/evicteddata_result.png>] [46 <./figure/finededup/readb
uffer_result.png>]
Package epstopdf Info: Source file: <figure/finededup/buffersize.eps>
(epstopdf)                    date: 2018-06-04 15:35:12
(epstopdf)                    size: 19091 bytes
(epstopdf)             Output file: <figure/finededup/buffersize-eps-converted-
to.pdf>
(epstopdf)                    date: 2018-06-07 17:18:44
(epstopdf)                    size: 8756 bytes
(epstopdf)             Command: <repstopdf --outfile=figure/finededup/buffersiz
e-eps-converted-to.pdf figure/finededup/buffersize.eps>
(epstopdf)             \includegraphics on input line 585.
Package epstopdf Info: Output file is already uptodate.

<figure/finededup/buffersize-eps-converted-to.pdf, id=467, 285.065pt x 196.735p
t>
File: figure/finededup/buffersize-eps-converted-to.pdf Graphic file (type pdf)
 <use figure/finededup/buffersize-eps-converted-to.pdf>
Package pdftex.def Info: figure/finededup/buffersize-eps-converted-to.pdf used 
on input line 585.
(pdftex.def)             Requested size: 228.0523pt x 157.38818pt.
 [47 <./figure/finededup/buffersize-eps-converted-to.pdf>]
Package epstopdf Info: Source file: <figure/finededup/chunkbuffersize.eps>
(epstopdf)                    date: 2018-06-04 15:35:12
(epstopdf)                    size: 19039 bytes
(epstopdf)             Output file: <figure/finededup/chunkbuffersize-eps-conve
rted-to.pdf>
(epstopdf)                    date: 2018-06-07 17:18:44
(epstopdf)                    size: 8649 bytes
(epstopdf)             Command: <repstopdf --outfile=figure/finededup/chunkbuff
ersize-eps-converted-to.pdf figure/finededup/chunkbuffersize.eps>
(epstopdf)             \includegraphics on input line 603.
Package epstopdf Info: Output file is already uptodate.

<figure/finededup/chunkbuffersize-eps-converted-to.pdf, id=476, 283.0575pt x 19
6.735pt>
File: figure/finededup/chunkbuffersize-eps-converted-to.pdf Graphic file (type 
pdf)
 <use figure/finededup/chunkbuffersize-eps-converted-to.pdf>
Package pdftex.def Info: figure/finededup/chunkbuffersize-eps-converted-to.pdf 
used on input line 603.
(pdftex.def)             Requested size: 226.44629pt x 157.38818pt.
 [48 <./figure/finededup/chunkbuffersize-eps-converted-to.pdf>]) (./Conclusions
.tex
[49]
Chapter 5.

Overfull \hbox (2.5717pt too wide) in paragraph at lines 14--24
\OT1/ptm/m/n/10.95 sented data sep-a-ra-tion tech-nique, called PC-Stream, for 
multi-streamed SSDs.
 []


Overfull \hbox (1.77382pt too wide) in paragraph at lines 25--40
[]\OT1/ptm/m/n/10.95 Next, we pro-pose a fine-grained dedu-pli-ca-tion tech-niq
ue for flash-based
 []

[50

]
Overfull \hbox (1.21407pt too wide) in paragraph at lines 42--42
[]\OT1/ptm/b/n/14 Improving stream map-ping method of PC-Stream 
 []

) (./Reference.tex [51]
Underfull \hbox (badness 3965) in paragraph at lines 70--72
[]\OT1/ptm/m/n/10.95 SCSI Block Commnads-4 (SBC-4). $\OT1/pcr/m/n/10.95 http : 
/ / www . t10 . org /
 []

[52

] [53]
Underfull \hbox (badness 4242) in paragraph at lines 182--185
[]\OT1/ptm/m/n/10.95 K. OBrien, ``Sam-sung SSD SM825 En-ter-prise SSD Re-view,'
'
 []


Underfull \hbox (badness 10000) in paragraph at lines 182--185
\OT1/pcr/m/n/10.95 http : / / www . storagereview . com / samsung _ ssd _
 []

[54]
Underfull \hbox (badness 1189) in paragraph at lines 192--195
[]\OT1/ptm/m/n/10.95 A. Gupta, R. Pisolkar, B. Ur-gaonkar, and A. Siva-sub-ra-m
a-niam,
 []


Underfull \hbox (badness 3557) in paragraph at lines 197--200
[]\OT1/ptm/m/n/10.95 Z. Chen and K. Shen, ``Or-der-MergeD-edup: Ef-fi-cient, Fa
ilure-
 []

[55]) [56]
No file phd_thesis_TJKim.ind.
(./phd_thesis_TJKim.aux) ) 
Here is how much of TeX's memory you used:
 6723 strings out of 493029
 95438 string characters out of 6136235
 168673 words of memory out of 5000000
 9888 multiletter control sequences out of 15000+600000
 73392 words of font info for 195 fonts, out of 8000000 for 9000
 1141 hyphenation exceptions out of 8191
 44i,11n,35p,606b,296s stack positions out of 5000i,500n,10000p,200000b,80000s
{/usr/share/texlive/texmf-dist/fonts/enc/dvips/base/8
r.enc}</usr/share/texlive/texmf-dist/fonts/type1/public/amsfonts/cm/cmmi10.pfb>
</usr/share/texlive/texmf-dist/fonts/type1/public/amsfonts/cm/cmmi8.pfb></usr/s
hare/texlive/texmf-dist/fonts/type1/public/amsfonts/cm/cmr10.pfb></usr/share/te
xlive/texmf-dist/fonts/type1/public/amsfonts/cm/cmr8.pfb></usr/share/texlive/te
xmf-dist/fonts/type1/public/amsfonts/cm/cmsy10.pfb></usr/share/texlive/texmf-di
st/fonts/type1/public/amsfonts/cm/cmsy7.pfb></usr/share/texlive/texmf-dist/font
s/type1/public/nanumtype1/nanummjbac.pfb></usr/share/texlive/texmf-dist/fonts/t
ype1/public/nanumtype1/nanummjbae.pfb></usr/share/texlive/texmf-dist/fonts/type
1/public/nanumtype1/nanummjbb0.pfb></usr/share/texlive/texmf-dist/fonts/type1/p
ublic/nanumtype1/nanummjbb4.pfb></usr/share/texlive/texmf-dist/fonts/type1/publ
ic/nanumtype1/nanummjbb7.pfb></usr/share/texlive/texmf-dist/fonts/type1/public/
nanumtype1/nanummjbb9.pfb></usr/share/texlive/texmf-dist/fonts/type1/public/nan
umtype1/nanummjbba.pfb></usr/share/texlive/texmf-dist/fonts/type1/public/nanumt
ype1/nanummjbbc.pfb></usr/share/texlive/texmf-dist/fonts/type1/public/nanumtype
1/nanummjbc1.pfb></usr/share/texlive/texmf-dist/fonts/type1/public/nanumtype1/n
anummjbc2.pfb></usr/share/texlive/texmf-dist/fonts/type1/public/nanumtype1/nanu
mmjbc4.pfb></usr/share/texlive/texmf-dist/fonts/type1/public/nanumtype1/nanummj
bc6.pfb></usr/share/texlive/texmf-dist/fonts/type1/public/nanumtype1/nanummjbc7
.pfb></usr/share/texlive/texmf-dist/fonts/type1/public/nanumtype1/nanummjbc8.pf
b></usr/share/texlive/texmf-dist/fonts/type1/public/nanumtype1/nanummjbcc.pfb><
/usr/share/texlive/texmf-dist/fonts/type1/public/nanumtype1/nanummjbce.pfb></us
r/share/texlive/texmf-dist/fonts/type1/public/nanumtype1/nanummjbd2.pfb></usr/s
hare/texlive/texmf-dist/fonts/type1/public/nanumtype1/nanummjbd5.pfb></usr/shar
e/texlive/texmf-dist/fonts/type1/public/nanumtype1/nanummjbd6.pfb></usr/share/t
exlive/texmf-dist/fonts/type1/public/nanumtype1/nanummjmac.pfb></usr/share/texl
ive/texmf-dist/fonts/type1/public/nanumtype1/nanummjmad.pfb></usr/share/texlive
/texmf-dist/fonts/type1/public/nanumtype1/nanummjmae.pfb></usr/share/texlive/te
xmf-dist/fonts/type1/public/nanumtype1/nanummjmb1.pfb></usr/share/texlive/texmf
-dist/fonts/type1/public/nanumtype1/nanummjmb3.pfb></usr/share/texlive/texmf-di
st/fonts/type1/public/nanumtype1/nanummjmb8.pfb></usr/share/texlive/texmf-dist/
fonts/type1/public/nanumtype1/nanummjmbb.pfb></usr/share/texlive/texmf-dist/fon
ts/type1/public/nanumtype1/nanummjmbc.pfb></usr/share/texlive/texmf-dist/fonts/
type1/public/nanumtype1/nanummjmbd.pfb></usr/share/texlive/texmf-dist/fonts/typ
e1/public/nanumtype1/nanummjmc0.pfb></usr/share/texlive/texmf-dist/fonts/type1/
public/nanumtype1/nanummjmc1.pfb></usr/share/texlive/texmf-dist/fonts/type1/pub
lic/nanumtype1/nanummjmc2.pfb></usr/share/texlive/texmf-dist/fonts/type1/public
/nanumtype1/nanummjmc6.pfb></usr/share/texlive/texmf-dist/fonts/type1/public/na
numtype1/nanummjmc7.pfb></usr/share/texlive/texmf-dist/fonts/type1/public/nanum
type1/nanummjmc8.pfb></usr/share/texlive/texmf-dist/fonts/type1/public/nanumtyp
e1/nanummjmc9.pfb></usr/share/texlive/texmf-dist/fonts/type1/public/nanumtype1/
nanummjmcd.pfb></usr/share/texlive/texmf-dist/fonts/type1/public/nanumtype1/nan
ummjmce.pfb></usr/share/texlive/texmf-dist/fonts/type1/public/nanumtype1/nanumm
jmd0.pfb></usr/share/texlive/texmf-dist/fonts/type1/public/nanumtype1/nanummjmd
1.pfb></usr/share/texlive/texmf-dist/fonts/type1/public/nanumtype1/nanummjmd4.p
fb></usr/share/texlive/texmf-dist/fonts/type1/public/nanumtype1/nanummjmd5.pfb>
</usr/share/texlive/texmf-dist/fonts/type1/public/nanumtype1/nanummjmd6.pfb></u
sr/share/texlive/texmf-dist/fonts/type1/urw/courier/ucrr8a.pfb></usr/share/texl
ive/texmf-dist/fonts/type1/urw/helvetic/uhvb8a.pfb></usr/share/texlive/texmf-di
st/fonts/type1/urw/helvetic/uhvr8a.pfb></usr/share/texlive/texmf-dist/fonts/typ
e1/urw/times/utmb8a.pfb></usr/share/texlive/texmf-dist/fonts/type1/urw/times/ut
mr8a.pfb></usr/share/texlive/texmf-dist/fonts/type1/urw/times/utmri8a.pfb>
Output written on phd_thesis_TJKim.pdf (65 pages, 2329250 bytes).
PDF statistics:
 734 PDF objects out of 1000 (max. 8388607)
 432 compressed objects within 5 object streams
 0 named destinations out of 1000 (max. 500000)
 156 words of extra memory for PDF output out of 10000 (max. 10000000)

